Log file open, 04/05/18 01:01:12
LogInit:Display: Running engine for game: handin
LogPlatformFile: Not using cached read wrapper
LogInit:Display: RandInit(1886823426) SRandInit(1886823426).
LogTaskGraph: Started task graph with 5 named threads and 8 total threads with 1 sets of task threads.
LogStats: Stats thread started at 0.084558
LogInit: Using libcurl 7.47.1
LogInit:  - built for x86_64-pc-win32
LogInit:  - supports SSL with OpenSSL/1.0.2g
LogInit:  - supports HTTP deflate (compression) using libz 1.2.8
LogInit:  - other features:
LogInit:      CURL_VERSION_SSL
LogInit:      CURL_VERSION_LIBZ
LogInit:      CURL_VERSION_IPV6
LogInit:      CURL_VERSION_ASYNCHDNS
LogInit:      CURL_VERSION_LARGEFILE
LogInit:      CURL_VERSION_IDN
LogInit:  CurlRequestOptions (configurable via config and command line):
LogInit:  - bVerifyPeer = false  - Libcurl will NOT verify peer certificate
LogInit:  - bUseHttpProxy = false  - Libcurl will NOT use HTTP proxy
LogInit:  - bDontReuseConnections = false  - Libcurl will reuse connections
LogInit:  - CertBundlePath = nullptr  - Libcurl will use whatever was configured at build time.
LogInit: Build: ++UE4+Release-4.16-CL-3561208
LogInit: Engine Version: 4.16.3-3561208+++UE4+Release-4.16
LogInit: Compatible Engine Version: 4.16.0-3452394+++UE4+Release-4.16
LogInit: Net CL: 3452394
LogDevObjectVersion: Number of dev versions registered: 16
LogDevObjectVersion:   Dev-Blueprints (B0D832E4-1F89-4F0D-ACCF-7EB736FD4AA2): 9
LogDevObjectVersion:   Dev-Build (E1C64328-A22C-4D53-A36C-8E866417BD8C): 0
LogDevObjectVersion:   Dev-Core (375EC13C-06E4-48FB-B500-84F0262A717E): 2
LogDevObjectVersion:   Dev-Editor (E4B068ED-F494-42E9-A231-DA0B2E46BB41): 17
LogDevObjectVersion:   Dev-Framework (CFFC743F-43B0-4480-9391-14DF171D2073): 23
LogDevObjectVersion:   Dev-Mobile (B02B49B5-BB20-44E9-A304-32B752E40360): 0
LogDevObjectVersion:   Dev-Networking (A4E4105C-59A1-49B5-A7C5-40C4547EDFEE): 0
LogDevObjectVersion:   Dev-Online (39C831C9-5AE6-47DC-9A44-9C173E1C8E7C): 0
LogDevObjectVersion:   Dev-Physics (78F01B33-EBEA-4F98-B9B4-84EACCB95AA2): 0
LogDevObjectVersion:   Dev-Platform (6631380F-2D4D-43E0-8009-CF276956A95A): 0
LogDevObjectVersion:   Dev-Rendering (12F88B9F-8875-4AFC-A67C-D90C383ABD29): 15
LogDevObjectVersion:   Dev-Sequencer (7B5AE74C-D270-4C10-A958-57980B212A5A): 4
LogDevObjectVersion:   Dev-VR (D7296918-1DD6-4BDD-9DE2-64A83CC13884): 0
LogDevObjectVersion:   Dev-LoadTimes (C2A15278-BFE7-4AFE-6C17-90FF531DF755): 1
LogDevObjectVersion:   Private-Geometry (6EACA3D4-40EC-4CC1-B786-8BED09428FC5): 1
LogDevObjectVersion:   Dev-AnimPhys (29E575DD-E0A3-4627-9D10-D276232CDCEA): 3
LogInit: Compiled (64-bit): Jul 28 2017 11:49:47
LogInit: Compiled with Visual C++: 19.00.24215.01
LogInit: Build Configuration: Development
LogInit: Branch Name: ++UE4+Release-4.16
LogInit: Command line: -EpicPortal 
LogInit: Base directory: C:/Program Files/Epic Games/UE_4.16/Engine/Binaries/Win64/
LogInit: Installed Engine Build: 1
LogInit: Presizing for max 8388607 objects, including 0 objects not considered by GC, pre-allocating 0 bytes for permanent pool.
LogInit: Object subsystem initialized
[2018.04.05-00.01.12:461][  0]LogInit: Selected Device Profile: [Windows]
[2018.04.05-00.01.12:461][  0]LogInit: Applying CVar settings loaded from the selected device profile: [Windows]
[2018.04.05-00.01.12:473][  0]LogInit: Computer: OFFICE
[2018.04.05-00.01.12:473][  0]LogInit: User: kevin
[2018.04.05-00.01.12:473][  0]LogInit: CPU Page size=4096, Cores=4
[2018.04.05-00.01.12:473][  0]LogInit: High frequency timer resolution =3.415985 MHz
[2018.04.05-00.01.12:473][  0]LogMemory: Memory total: Physical=15.9GB (16GB approx)
[2018.04.05-00.01.12:473][  0]LogMemory: Platform Memory Stats for Windows
[2018.04.05-00.01.12:473][  0]LogMemory: Process Physical Memory: 276.46 MB used, 276.46 MB peak
[2018.04.05-00.01.12:473][  0]LogMemory: Process Virtual Memory: 260.89 MB used, 260.89 MB peak
[2018.04.05-00.01.12:473][  0]LogMemory: Physical Memory: 5042.11 MB used,  11276.57 MB free, 16318.69 MB total
[2018.04.05-00.01.12:473][  0]LogMemory: Virtual Memory: 676.92 MB used,  11276.57 MB free, 134217728.00 MB total
[2018.04.05-00.01.12:531][  0]LogInit: Using OS detected language (en-GB).
[2018.04.05-00.01.12:531][  0]LogInit: Using OS detected locale (en-GB).
[2018.04.05-00.01.12:533][  0]LogTextLocalizationManager: No specific localization for 'en-GB' exists, so the 'en' localization will be used.
[2018.04.05-00.01.13:356][  0]LogD3D11RHI: D3D11 adapters:
[2018.04.05-00.01.13:404][  0]LogD3D11RHI:    0. 'NVIDIA GeForce GTX 1080 Ti' (Feature Level 11_0)
[2018.04.05-00.01.13:404][  0]LogD3D11RHI:       11132/0/8159 MB DedicatedVideo/DedicatedSystem/SharedSystem, Outputs:2, VendorId:0x10de
[2018.04.05-00.01.13:405][  0]LogD3D11RHI:    1. 'Microsoft Basic Render Driver' (Feature Level 11_0)
[2018.04.05-00.01.13:405][  0]LogD3D11RHI:       0/0/8159 MB DedicatedVideo/DedicatedSystem/SharedSystem, Outputs:0, VendorId:0x1414
[2018.04.05-00.01.13:405][  0]LogD3D11RHI: Chosen D3D11 Adapter: 0
[2018.04.05-00.01.13:410][  0]LogD3D11RHI: Creating new Direct3DDevice
[2018.04.05-00.01.13:410][  0]LogD3D11RHI:     GPU DeviceId: 0x1b06 (for the marketing name, search the web for "GPU Device Id")
[2018.04.05-00.01.13:410][  0]LogWindows: EnumDisplayDevices:
[2018.04.05-00.01.13:410][  0]LogWindows:    0. 'NVIDIA GeForce GTX 1080 Ti' (P:0 D:1)
[2018.04.05-00.01.13:410][  0]LogWindows:    1. 'NVIDIA GeForce GTX 1080 Ti' (P:1 D:1)
[2018.04.05-00.01.13:410][  0]LogWindows:    2. 'NVIDIA GeForce GTX 1080 Ti' (P:0 D:0)
[2018.04.05-00.01.13:411][  0]LogWindows:    3. 'NVIDIA GeForce GTX 1080 Ti' (P:0 D:0)
[2018.04.05-00.01.13:411][  0]LogWindows: DebugString: GetVideoDriverDetailsInvalid PrimaryIsNotTheChoosenAdapter GetVideoDriverDetailsInvalid PrimaryIsNotTheChoosenAdapter GetVideoDriverDetailsInvalid PrimaryIsNotTheChoosenAdapter GetVideoDriverDetailsInvalid PrimaryIsNotTheChoosenAdapter FoundDriverCount:0 
[2018.04.05-00.01.13:411][  0]LogD3D11RHI:     Adapter Name: NVIDIA GeForce GTX 1080 Ti
[2018.04.05-00.01.13:411][  0]LogD3D11RHI:   Driver Version: Unknown (internal:Unknown, unified:Unknown)
[2018.04.05-00.01.13:411][  0]LogD3D11RHI:      Driver Date: Unknown
[2018.04.05-00.01.13:411][  0]LogRHI: Texture pool is 1361 MB (70% of 1945 MB)
[2018.04.05-00.01.13:438][  0]LogD3D11RHI: Async texture creation enabled
[2018.04.05-00.01.13:449][  0]LogD3D11RHI: GPU Timing Frequency: 1000.000000 (Debug: 2 1)
[2018.04.05-00.01.13:539][  0]LogShaderCompilers: Guid format shader working directory is 2 characters bigger than the processId version (../../../../../../Users/kevin/Desktop/handin/Intermediate/Shaders/WorkingDirectory/5712/).
[2018.04.05-00.01.13:539][  0]LogShaderCompilers: Cleaned the shader compiler working directory 'C:/Users/kevin/AppData/Local/Temp/UnrealShaderWorkingDir/8770945344D559C948CBA1ADD9FD3FD8/'.
[2018.04.05-00.01.13:539][  0]LogShaderCompilers:Display: Using Local Shader Compiler.
[2018.04.05-00.01.14:505][  0]LogTemp:Display: Loaded TP AllDesktopTargetPlatform
[2018.04.05-00.01.14:548][  0]LogTemp:Display: Loaded TP MacClientTargetPlatform
[2018.04.05-00.01.14:592][  0]LogTemp:Display: Loaded TP MacNoEditorTargetPlatform
[2018.04.05-00.01.14:636][  0]LogTemp:Display: Loaded TP MacServerTargetPlatform
[2018.04.05-00.01.14:680][  0]LogTemp:Display: Loaded TP MacTargetPlatform
[2018.04.05-00.01.14:725][  0]LogTemp:Display: Loaded TP WindowsClientTargetPlatform
[2018.04.05-00.01.14:770][  0]LogTemp:Display: Loaded TP WindowsNoEditorTargetPlatform
[2018.04.05-00.01.14:813][  0]LogTemp:Display: Loaded TP WindowsServerTargetPlatform
[2018.04.05-00.01.14:852][  0]LogTemp:Display: Loaded TP WindowsTargetPlatform
[2018.04.05-00.01.14:894][  0]LogTemp:Display: Loaded TP AndroidTargetPlatform
[2018.04.05-00.01.14:937][  0]LogTemp:Display: Loaded TP Android_ASTCTargetPlatform
[2018.04.05-00.01.14:980][  0]LogTemp:Display: Loaded TP Android_ATCTargetPlatform
[2018.04.05-00.01.15:023][  0]LogTemp:Display: Loaded TP Android_DXTTargetPlatform
[2018.04.05-00.01.15:065][  0]LogTemp:Display: Loaded TP Android_ETC1TargetPlatform
[2018.04.05-00.01.15:106][  0]LogTemp:Display: Loaded TP Android_ETC2TargetPlatform
[2018.04.05-00.01.15:190][  0]LogTemp:Display: Loaded TP Android_MultiTargetPlatform
[2018.04.05-00.01.15:190][  0]LogTemp:Display: Loaded TP Android_PVRTCTargetPlatform
[2018.04.05-00.01.15:223][  0]LogTemp:Display: Loaded TP HTML5TargetPlatform
[2018.04.05-00.01.15:309][  0]LogTemp:Display: Loaded TP IOSTargetPlatform
[2018.04.05-00.01.15:335][  0]LogTemp:Display: Loaded TP TVOSTargetPlatform
[2018.04.05-00.01.15:382][  0]LogTemp:Display: Loaded TP LinuxClientTargetPlatform
[2018.04.05-00.01.15:425][  0]LogTemp:Display: Loaded TP LinuxNoEditorTargetPlatform
[2018.04.05-00.01.15:466][  0]LogTemp:Display: Loaded TP LinuxServerTargetPlatform
[2018.04.05-00.01.15:510][  0]LogTemp:Display: Loaded TP LinuxTargetPlatform
[2018.04.05-00.01.15:510][  0]LogTargetPlatformManager:Display: Building Assets For Windows
[2018.04.05-00.01.15:934][  0]LogDerivedDataCache:Display: Max Cache Size: 512 MB
[2018.04.05-00.01.16:007][  0]LogDerivedDataCache: Loaded boot cache 0.07s 90MB C:/Users/kevin/AppData/Local/UnrealEngine/4.16/DerivedDataCache/Boot.ddc.
[2018.04.05-00.01.16:007][  0]LogDerivedDataCache:Display: Loaded Boot cache: C:/Users/kevin/AppData/Local/UnrealEngine/4.16/DerivedDataCache/Boot.ddc
[2018.04.05-00.01.16:007][  0]LogDerivedDataCache: FDerivedDataBackendGraph:  Pak pak cache file ../../../../../../Users/kevin/Desktop/handin/DerivedDataCache/DDC.ddp not found, will not use a pak cache.
[2018.04.05-00.01.16:007][  0]LogDerivedDataCache: Unable to find inner node Pak for hierarchical cache Hierarchy.
[2018.04.05-00.01.16:007][  0]LogDerivedDataCache: FDerivedDataBackendGraph:  CompressedPak pak cache file ../../../../../../Users/kevin/Desktop/handin/DerivedDataCache/Compressed.ddp not found, will not use a pak cache.
[2018.04.05-00.01.16:007][  0]LogDerivedDataCache: Unable to find inner node CompressedPak for hierarchical cache Hierarchy.
[2018.04.05-00.01.16:023][  0]LogDerivedDataCache:Display: Pak cache opened for reading ../../../Engine/DerivedDataCache/Compressed.ddp.
[2018.04.05-00.01.16:035][  0]LogDerivedDataCache: Using Local data cache path C:/Users/kevin/AppData/Local/UnrealEngine/Common/DerivedDataCache: Writable
[2018.04.05-00.01.16:043][  0]LogMaterial: Verifying Global Shaders for PCD3D_SM5
[2018.04.05-00.01.16:044][  0]LogSlate: Using Freetype 2.6.0
[2018.04.05-00.01.16:044][  0]LogSlate: SlateFontCache - WITH_FREETYPE: 1, WITH_HARFBUZZ: 1
[2018.04.05-00.01.16:044][  0]LogSlate: SlateFontCache - WITH_FREETYPE: 1, WITH_HARFBUZZ: 1
[2018.04.05-00.01.16:375][  0]LogInit: Selected Device Profile: [Windows]
[2018.04.05-00.01.16:432][  0]LogContentStreaming: Texture pool size is 0.00 MB
[2018.04.05-00.01.16:569][  0]LogMeshUtilities: Using QuadricMeshReduction for automatic static mesh reduction
[2018.04.05-00.01.16:606][  0]LogSimplygon: Simplygon DLL not present - disabling.
[2018.04.05-00.01.16:647][  0]LogMeshUtilities: Using SimplygonSwarm for distributed automatic mesh merging
[2018.04.05-00.01.16:647][  0]LogMeshUtilities: No automatic skeletal mesh reduction module available
[2018.04.05-00.01.16:647][  0]LogMeshUtilities: No automatic mesh merging module available
[2018.04.05-00.01.17:137][  0]LogNetVersion: handin , NetCL: 3452394, EngineNetVer: 2, GameNetVer: 0 (Checksum: 2351120416)
[2018.04.05-00.01.17:192][  0]LogAssetRegistry: FAssetRegistry took 0.0252 seconds to start up
[2018.04.05-00.01.17:249][  0]LogPackageLocalizationCache: Processed 4 localized package path(s) for 2 prioritized culture(s) in 0.037055 seconds
[2018.04.05-00.01.17:254][  0]LogUObjectArray: 34194 objects as part of root set at end of initial load.
[2018.04.05-00.01.17:254][  0]LogUObjectAllocator: 7260424 out of 0 bytes used by permanent object pool.
[2018.04.05-00.01.17:254][  0]LogUObjectArray: CloseDisregardForGC: 0/0 objects in disregard for GC pool
[2018.04.05-00.01.17:309][  0]LogInit: WinSock: version 1.1 (2.2), MaxSocks=32767, MaxUdp=65467
[2018.04.05-00.01.19:432][  0]LogTcpMessaging: Initializing TcpMessaging bridge
[2018.04.05-00.01.19:467][  0]LogUdpMessaging: Initializing bridge on interface 0.0.0.0:0 to multicast group 230.0.0.1:6666.
[2018.04.05-00.01.19:907][  0]LogMaterial: Uniform references updated for custom material expression Custom.
[2018.04.05-00.01.20:248][  0]SourceControl: Info Source control is disabled
[2018.04.05-00.01.20:249][  0]SourceControl: Info Source control is disabled
[2018.04.05-00.01.20:289][  0]SourceControl: Info Source control is disabled
[2018.04.05-00.01.20:327][  0]SourceControl: Info Source control is disabled
[2018.04.05-00.01.20:912][  0]LogAndroidPermission: UAndroidPermissionCallbackProxy::GetInstance
[2018.04.05-00.01.21:428][  0]LogEngine: Initializing Engine...
[2018.04.05-00.01.21:429][  0]LogHMD: Failed to initialize OpenVR with code 110
[2018.04.05-00.01.21:592][  0]LogStats: UGameplayTagsManager::ConstructGameplayTagTree: Construct from data asset -  0.000 s
[2018.04.05-00.01.21:592][  0]LogStats: UGameplayTagsManager::ConstructGameplayTagTree: GameplayTagTreeChangedEvent.Broadcast -  0.000 s
[2018.04.05-00.01.21:698][  0]LogAIModule: Creating AISystem for world Untitled
[2018.04.05-00.01.21:705][  0]LogInit: XAudio2 using 'Digital Audio (S/PDIF) (High Definition Audio Device)' : 2 channels at 44.1 kHz using 16 bits per sample (channel mask 0x3)
[2018.04.05-00.01.21:715][  0]LogInit: FAudioDevice initialized.
[2018.04.05-00.01.21:758][  0]LogDerivedDataCache: Saved boot cache 0.04s 90MB C:/Users/kevin/AppData/Local/UnrealEngine/4.16/DerivedDataCache/Boot.ddc.
[2018.04.05-00.01.21:768][  0]LogInit: Texture streaming: Enabled
[2018.04.05-00.01.21:851][  0]LogEngineSessionManager: EngineSessionManager initialized
[2018.04.05-00.01.22:032][  0]LogInit: Transaction tracking system initialized
[2018.04.05-00.01.22:315][  0]BlueprintLog: New page: Editor Load
[2018.04.05-00.01.23:121][  0]LocalizationService: Info Localization service is disabled
[2018.04.05-00.01.23:701][  0]LogConsoleResponse:Display: 
[2018.04.05-00.01.23:825][  0]LogCook:Display: Max memory allowance for cook 16384mb min free memory 0mb
[2018.04.05-00.01.23:825][  0]LogCook:Display: Mobile HDR setting 1
[2018.04.05-00.01.24:628][  0]LogFileCache: Scanning file cache for directory 'C:/Users/kevin/Desktop/handin/Content/' took 0.01s
[2018.04.05-00.01.24:667][  0]SourceControl: Info Source control is disabled
[2018.04.05-00.01.24:667][  0]Cmd: MAP LOAD FILE="../../../../../../Users/kevin/Desktop/handin/Content/StarterContent/Maps/Minimal_Default.umap" TEMPLATE=0 SHOWPROGRESS=1 FEATURELEVEL=3
[2018.04.05-00.01.24:667][  0]LightingResults: New page: Lighting Build
[2018.04.05-00.01.24:702][  0]MapCheck: New page: Map Check
[2018.04.05-00.01.24:702][  0]LightingResults: New page: Lighting Build
[2018.04.05-00.01.25:590][  0]LogAIModule: Creating AISystem for world Minimal_Default
[2018.04.05-00.01.25:696][  0]LogEditorServer: Finished looking for orphan Actors (0.000 secs)
[2018.04.05-00.01.25:715][  0]Cmd: MAP CHECKDEP NOCLEARLOG
[2018.04.05-00.01.25:768][  0]MapCheck: Info Map check complete: 0 Error(s), 0 Warning(s), took 52.87ms to complete.
[2018.04.05-00.01.25:768][  0]LogFileHelpers: Loading map 'Minimal_Default' took 1.101
[2018.04.05-00.01.25:920][  0]LogCollectionManager: Loaded 0 collections in 0.001547 seconds
[2018.04.05-00.01.26:028][  0]LogFileCache: Scanning file cache for directory 'C:/Users/kevin/Desktop/handin/Saved/Collections/' took 0.01s
[2018.04.05-00.01.26:028][  0]LogFileCache: Scanning file cache for directory 'C:/Users/kevin/Desktop/handin/Content/Developers/kevin/Collections/' took 0.01s
[2018.04.05-00.01.26:028][  0]LogFileCache: Scanning file cache for directory 'C:/Users/kevin/Desktop/handin/Content/Collections/' took 0.01s
[2018.04.05-00.01.26:028][  0]LogCollectionManager: Rebuilt the GUID cache for 0 collections in 0.000001 seconds
[2018.04.05-00.01.26:037][  0]LogContentBrowser: Native class hierarchy populated in 0.0085 seconds. Added 2329 classes and 491 folders.
[2018.04.05-00.01.26:090][  0]LogContentBrowser: Native class hierarchy updated for 'WidgetCarousel' in 0.0005 seconds. Added 0 classes and 0 folders.
[2018.04.05-00.01.26:121][  0]LogContentBrowser: Native class hierarchy updated for 'AddContentDialog' in 0.0005 seconds. Added 0 classes and 0 folders.
[2018.04.05-00.01.26:158][  0]LogContentBrowser: Native class hierarchy updated for 'SceneOutliner' in 0.0005 seconds. Added 1 classes and 2 folders.
[2018.04.05-00.01.26:196][  0]LogCrashTracker: Crashtracker disabled due to settings.
[2018.04.05-00.01.26:200][  0]LogSlate: Took 0.000172 seconds to synchronously load lazily loaded font '../../../Engine/Content/Slate/Fonts/Roboto-Regular.ttf' (155K)
[2018.04.05-00.01.26:201][  0]LogSlate: Took 0.000155 seconds to synchronously load lazily loaded font '../../../Engine/Content/Slate/Fonts/Roboto-Bold.ttf' (160K)
[2018.04.05-00.01.26:206][  0]LogSlate: Took 0.000195 seconds to synchronously load lazily loaded font '../../../Engine/Content/Editor/Slate/Fonts/FontAwesome.ttf' (139K)
[2018.04.05-00.01.26:287][  0]LogRenderer: Reallocating scene render targets to support 1208x576 NumSamples 1 (Frame:1).
[2018.04.05-00.01.26:392][  0]LogUObjectGlobals:Warning: Failed to find object 'Class None.'
[2018.04.05-00.01.26:450][  0]LogContentBrowser: Native class hierarchy updated for 'HierarchicalLODOutliner' in 0.0005 seconds. Added 1 classes and 2 folders.
[2018.04.05-00.01.26:450][  0]LogLoad: (Engine Initialization) Total time: 15.42 seconds
[2018.04.05-00.01.26:450][  0]LogLoad: (Engine Initialization) Total Blueprint compile time: 0.08 seconds
[2018.04.05-00.01.26:450][  0]LogExternalProfiler: No external profilers were discovered.  External profiling features will not be available.
[2018.04.05-00.01.26:459][  0]LogWindowsTextInputMethodSystem:Display: IME system now deactivated.
[2018.04.05-00.01.26:459][  0]LogOcInput: OculusInput pre-init called
[2018.04.05-00.01.26:459][  0]LogHMD: Starting GearVRController plugin
[2018.04.05-00.01.26:474][  0]LogAssetRegistry: Asset discovery search completed in 9.3040 seconds
[2018.04.05-00.01.26:475][  0]LogCollectionManager: Rebuilt the object cache for 0 collections in 0.000001 seconds (found 0 objects)
[2018.04.05-00.01.26:475][  0]LogCollectionManager: Fixed up redirectors for 0 collections in 0.000019 seconds (updated 0 objects)
[2018.04.05-00.01.26:478][  0]LogContentStreaming: Texture pool size now 1000 MB
[2018.04.05-00.01.26:525][  0]LogSlate: Took 0.000162 seconds to synchronously load lazily loaded font '../../../Engine/Content/Slate/Fonts/Roboto-Light.ttf' (159K)
[2018.04.05-00.01.27:493][ 87]LogSlate: Took 0.000212 seconds to synchronously load lazily loaded font '../../../Engine/Content/Slate/Fonts/Roboto-Light.ttf' (159K)
[2018.04.05-00.01.31:621][570]LogLinker:Warning: Can't find file '/Game/MyContent/Rail/chrome'
[2018.04.05-00.01.31:621][570]LogLinker:Warning: Can't find file for asset '/Game/MyContent/Rail/chrome' while loading ../../../../../../Users/kevin/Desktop/handin/Content/MyContent/Rail/StaticMesh.uasset.
[2018.04.05-00.01.31:621][570]LoadErrors:Error: Error /Game/MyContent/Rail/StaticMesh : Can't find file for asset. /Game/MyContent/Rail/chrome
[2018.04.05-00.01.31:621][570]LogLinker:Warning: Can't find file '/Game/MyContent/Rail/Concrete'
[2018.04.05-00.01.31:621][570]LogLinker:Warning: Can't find file for asset '/Game/MyContent/Rail/Concrete' while loading ../../../../../../Users/kevin/Desktop/handin/Content/MyContent/Rail/StaticMesh.uasset.
[2018.04.05-00.01.31:621][570]LoadErrors:Error: Error /Game/MyContent/Rail/StaticMesh : Can't find file for asset. /Game/MyContent/Rail/Concrete
[2018.04.05-00.01.31:621][570]LogLinker:Warning: Can't find file '/Game/MyContent/Rail/Steel'
[2018.04.05-00.01.31:621][570]LogLinker:Warning: Can't find file for asset '/Game/MyContent/Rail/Steel' while loading ../../../../../../Users/kevin/Desktop/handin/Content/MyContent/Rail/StaticMesh.uasset.
[2018.04.05-00.01.31:621][570]LoadErrors:Error: Error /Game/MyContent/Rail/StaticMesh : Can't find file for asset. /Game/MyContent/Rail/Steel
[2018.04.05-00.01.31:621][570]LogLinker:Warning: Can't find file '/Game/MyContent/Rail/STEEL_OXYD'
[2018.04.05-00.01.31:621][570]LogLinker:Warning: Can't find file for asset '/Game/MyContent/Rail/STEEL_OXYD' while loading ../../../../../../Users/kevin/Desktop/handin/Content/MyContent/Rail/StaticMesh.uasset.
[2018.04.05-00.01.31:621][570]LoadErrors:Error: Error /Game/MyContent/Rail/StaticMesh : Can't find file for asset. /Game/MyContent/Rail/STEEL_OXYD
[2018.04.05-00.01.31:621][570]LogLinker:Warning: Can't find file '/Game/MyContent/Rail/chrome'
[2018.04.05-00.01.31:621][570]LogLinker:Warning: Can't find file for asset '/Game/MyContent/Rail/chrome' while loading ../../../../../../Users/kevin/Desktop/handin/Content/MyContent/Rail/StaticMesh.uasset.
[2018.04.05-00.01.31:622][570]LogLinker:Warning: Can't find file '/Game/MyContent/Rail/Concrete'
[2018.04.05-00.01.31:622][570]LogLinker:Warning: Can't find file for asset '/Game/MyContent/Rail/Concrete' while loading ../../../../../../Users/kevin/Desktop/handin/Content/MyContent/Rail/StaticMesh.uasset.
[2018.04.05-00.01.31:622][570]LogLinker:Warning: Can't find file '/Game/MyContent/Rail/Steel'
[2018.04.05-00.01.31:622][570]LogLinker:Warning: Can't find file for asset '/Game/MyContent/Rail/Steel' while loading ../../../../../../Users/kevin/Desktop/handin/Content/MyContent/Rail/StaticMesh.uasset.
[2018.04.05-00.01.31:622][570]LogLinker:Warning: Can't find file '/Game/MyContent/Rail/STEEL_OXYD'
[2018.04.05-00.01.31:622][570]LogLinker:Warning: Can't find file for asset '/Game/MyContent/Rail/STEEL_OXYD' while loading ../../../../../../Users/kevin/Desktop/handin/Content/MyContent/Rail/StaticMesh.uasset.
[2018.04.05-00.01.31:623][570]LogLinker:Warning: Can't find file '/Game/MyContent/Rail/Concrete'
[2018.04.05-00.01.31:623][570]LoadErrors: Info Failed to load /Game/MyContent/Rail/Concrete.Concrete Referenced by StaticMesh
[2018.04.05-00.01.31:623][570]LogLinker:Warning: Can't find file for asset '/Game/MyContent/Rail/Concrete' while loading NULL.
[2018.04.05-00.01.31:623][570]LogLinker:Warning: Can't find file '/Game/MyContent/Rail/chrome'
[2018.04.05-00.01.31:623][570]LoadErrors: Info Failed to load /Game/MyContent/Rail/chrome.chrome Referenced by StaticMesh
[2018.04.05-00.01.31:623][570]LogLinker:Warning: Can't find file for asset '/Game/MyContent/Rail/chrome' while loading NULL.
[2018.04.05-00.01.31:623][570]LogLinker:Warning: Can't find file '/Game/MyContent/Rail/STEEL_OXYD'
[2018.04.05-00.01.31:623][570]LoadErrors: Info Failed to load /Game/MyContent/Rail/STEEL_OXYD.STEEL_OXYD Referenced by StaticMesh
[2018.04.05-00.01.31:623][570]LogLinker:Warning: Can't find file for asset '/Game/MyContent/Rail/STEEL_OXYD' while loading NULL.
[2018.04.05-00.01.31:624][570]LogLinker:Warning: Can't find file '/Game/MyContent/Rail/Steel'
[2018.04.05-00.01.31:624][570]LoadErrors: Info Failed to load /Game/MyContent/Rail/Steel.Steel Referenced by StaticMesh
[2018.04.05-00.01.31:624][570]LogLinker:Warning: Can't find file for asset '/Game/MyContent/Rail/Steel' while loading NULL.
[2018.04.05-00.01.31:641][570]LogSlate: Took 0.000127 seconds to synchronously load lazily loaded font '../../../Engine/Content/Slate/Fonts/Roboto-Light.ttf' (159K)
[2018.04.05-00.01.32:061][570]LogRenderer: Reallocating scene render targets to support 1432x924 NumSamples 1 (Frame:1).
[2018.04.05-00.01.46:057][132]LogLinker:Warning: Can't find file '/Game/MyContent/Rail/chrome'
[2018.04.05-00.01.46:057][132]LogLinker:Warning: Can't find file for asset '/Game/MyContent/Rail/chrome' while loading ../../../../../../Users/kevin/Desktop/handin/Content/MyContent/Rail/Rails_FBX.uasset.
[2018.04.05-00.01.46:057][132]LoadErrors:Error: Error /Game/MyContent/Rail/Rails_FBX : Can't find file for asset. /Game/MyContent/Rail/chrome
[2018.04.05-00.01.46:057][132]LogLinker:Warning: Can't find file '/Game/MyContent/Rail/Concrete'
[2018.04.05-00.01.46:057][132]LogLinker:Warning: Can't find file for asset '/Game/MyContent/Rail/Concrete' while loading ../../../../../../Users/kevin/Desktop/handin/Content/MyContent/Rail/Rails_FBX.uasset.
[2018.04.05-00.01.46:057][132]LoadErrors:Error: Error /Game/MyContent/Rail/Rails_FBX : Can't find file for asset. /Game/MyContent/Rail/Concrete
[2018.04.05-00.01.46:057][132]LogLinker:Warning: Can't find file '/Game/MyContent/Rail/Steel'
[2018.04.05-00.01.46:057][132]LogLinker:Warning: Can't find file for asset '/Game/MyContent/Rail/Steel' while loading ../../../../../../Users/kevin/Desktop/handin/Content/MyContent/Rail/Rails_FBX.uasset.
[2018.04.05-00.01.46:057][132]LoadErrors:Error: Error /Game/MyContent/Rail/Rails_FBX : Can't find file for asset. /Game/MyContent/Rail/Steel
[2018.04.05-00.01.46:057][132]LogLinker:Warning: Can't find file '/Game/MyContent/Rail/STEEL_OXYD'
[2018.04.05-00.01.46:057][132]LogLinker:Warning: Can't find file for asset '/Game/MyContent/Rail/STEEL_OXYD' while loading ../../../../../../Users/kevin/Desktop/handin/Content/MyContent/Rail/Rails_FBX.uasset.
[2018.04.05-00.01.46:057][132]LoadErrors:Error: Error /Game/MyContent/Rail/Rails_FBX : Can't find file for asset. /Game/MyContent/Rail/STEEL_OXYD
[2018.04.05-00.01.46:057][132]LogLinker:Warning: Can't find file '/Game/MyContent/Rail/chrome'
[2018.04.05-00.01.46:057][132]LogLinker:Warning: Can't find file for asset '/Game/MyContent/Rail/chrome' while loading ../../../../../../Users/kevin/Desktop/handin/Content/MyContent/Rail/Rails_FBX.uasset.
[2018.04.05-00.01.46:058][132]LogLinker:Warning: Can't find file '/Game/MyContent/Rail/Concrete'
[2018.04.05-00.01.46:058][132]LogLinker:Warning: Can't find file for asset '/Game/MyContent/Rail/Concrete' while loading ../../../../../../Users/kevin/Desktop/handin/Content/MyContent/Rail/Rails_FBX.uasset.
[2018.04.05-00.01.46:058][132]LogLinker:Warning: Can't find file '/Game/MyContent/Rail/Steel'
[2018.04.05-00.01.46:058][132]LogLinker:Warning: Can't find file for asset '/Game/MyContent/Rail/Steel' while loading ../../../../../../Users/kevin/Desktop/handin/Content/MyContent/Rail/Rails_FBX.uasset.
[2018.04.05-00.01.46:058][132]LogLinker:Warning: Can't find file '/Game/MyContent/Rail/STEEL_OXYD'
[2018.04.05-00.01.46:058][132]LogLinker:Warning: Can't find file for asset '/Game/MyContent/Rail/STEEL_OXYD' while loading ../../../../../../Users/kevin/Desktop/handin/Content/MyContent/Rail/Rails_FBX.uasset.
[2018.04.05-00.01.46:062][132]LogLinker:Warning: Can't find file '/Game/MyContent/Rail/Concrete'
[2018.04.05-00.01.46:063][132]LoadErrors: Info Failed to load /Game/MyContent/Rail/Concrete.Concrete Referenced by Rails_FBX
[2018.04.05-00.01.46:063][132]LogLinker:Warning: Can't find file for asset '/Game/MyContent/Rail/Concrete' while loading NULL.
[2018.04.05-00.01.46:063][132]LogLinker:Warning: Can't find file '/Game/MyContent/Rail/chrome'
[2018.04.05-00.01.46:063][132]LoadErrors: Info Failed to load /Game/MyContent/Rail/chrome.chrome Referenced by Rails_FBX
[2018.04.05-00.01.46:063][132]LogLinker:Warning: Can't find file for asset '/Game/MyContent/Rail/chrome' while loading NULL.
[2018.04.05-00.01.46:063][132]LogLinker:Warning: Can't find file '/Game/MyContent/Rail/STEEL_OXYD'
[2018.04.05-00.01.46:063][132]LoadErrors: Info Failed to load /Game/MyContent/Rail/STEEL_OXYD.STEEL_OXYD Referenced by Rails_FBX
[2018.04.05-00.01.46:063][132]LogLinker:Warning: Can't find file for asset '/Game/MyContent/Rail/STEEL_OXYD' while loading NULL.
[2018.04.05-00.01.46:063][132]LogLinker:Warning: Can't find file '/Game/MyContent/Rail/Steel'
[2018.04.05-00.01.46:063][132]LoadErrors: Info Failed to load /Game/MyContent/Rail/Steel.Steel Referenced by Rails_FBX
[2018.04.05-00.01.46:063][132]LogLinker:Warning: Can't find file for asset '/Game/MyContent/Rail/Steel' while loading NULL.
[2018.04.05-00.01.51:721][735]Cmd: DELETE
[2018.04.05-00.01.51:721][735]Cmd: ACTOR DELETE
[2018.04.05-00.01.51:727][735]LogEditorActor: Deleted Actor: RailTwo_C
[2018.04.05-00.01.51:739][735]LogEditorActor: Deleted 1 Actors (0.017 secs)
[2018.04.05-00.01.55:431][108]Cmd: DELETE
[2018.04.05-00.01.55:431][108]Cmd: ACTOR DELETE
[2018.04.05-00.01.55:437][108]LogEditorActor: Deleted Actor: Rail_C
[2018.04.05-00.01.55:447][108]LogEditorActor: Deleted 1 Actors (0.016 secs)
[2018.04.05-00.01.57:003][222]LogContentBrowser: Native class hierarchy updated for 'BlueprintGraph' in 0.0010 seconds. Added 112 classes and 0 folders.
[2018.04.05-00.01.57:487][222]LogSlate: Took 0.000115 seconds to synchronously load lazily loaded font '../../../Engine/Content/Slate/Fonts/Roboto-Regular.ttf' (155K)
[2018.04.05-00.01.57:534][222]LogSlate: Took 0.000174 seconds to synchronously load lazily loaded font '../../../Engine/Content/Editor/Slate/Fonts/Roboto-BoldCondensed.ttf' (158K)
[2018.04.05-00.01.57:594][223]LogSlate: Took 0.000192 seconds to synchronously load lazily loaded font '../../../Engine/Content/Editor/Slate/Fonts/Roboto-Italic.ttf' (157K)
[2018.04.05-00.02.24:225][386]LogFactory: FactoryCreateFile: StaticMesh with FbxFactory (0 0 ../../../../../../Users/kevin/Downloads/Rails.obj)
[2018.04.05-00.02.24:267][386]LogFbx: Loading FBX Scene from ../../../../../../Users/kevin/Downloads/Rails.obj
[2018.04.05-00.02.25:852][386]LogFbx: FBX Scene Loaded Succesfully
[2018.04.05-00.02.25:856][386]FBXImport:Warning: Warning FBX Scene Loading: Found material name clash, name clash can be wrongly reassign at reimport , material 'defaultMat' was rename 'defaultMat_ncl1_1' 
[2018.04.05-00.02.28:702][386]LogFbx: Loading FBX Scene from ../../../../../../Users/kevin/Downloads/Rails.obj
[2018.04.05-00.02.30:293][386]LogFbx: FBX Scene Loaded Succesfully
[2018.04.05-00.02.30:310][386]LogLinker: Can't find file '/Game/MyContent/Rail/defaultMat_ncl1_1'
[2018.04.05-00.02.30:310][386]LogLinker: Can't find file '/Game/MyContent/Rail/defaultMat_ncl1_1'
[2018.04.05-00.02.30:314][386]LogMaterial: Missing cached shader map for material defaultMat_ncl1_1, compiling. 
[2018.04.05-00.02.30:352][386]LogFbx:Warning: Triangulating static mesh default
[2018.04.05-00.03.01:597][386]LogStaticMesh: Building static mesh Rails...
[2018.04.05-00.03.02:337][386]LogMeshUtilities: Invalid vertex normals found for mesh. Forcing recomputation of vertex normals for MikkTSpace. Fix mesh or disable "Use MikkTSpace Tangent Space" to avoid forced recomputation of normals.
