Log file open, 04/10/18 20:12:46
LogInit:Display: Running engine for game: handin
LogPlatformFile: Not using cached read wrapper
LogInit:Display: RandInit(-1364780720) SRandInit(-1364780720).
LogTaskGraph: Started task graph with 5 named threads and 8 total threads with 1 sets of task threads.
LogStats: Stats thread started at 0.111431
LogInit: Using libcurl 7.47.1
LogInit:  - built for x86_64-pc-win32
LogInit:  - supports SSL with OpenSSL/1.0.2g
LogInit:  - supports HTTP deflate (compression) using libz 1.2.8
LogInit:  - other features:
LogInit:      CURL_VERSION_SSL
LogInit:      CURL_VERSION_LIBZ
LogInit:      CURL_VERSION_IPV6
LogInit:      CURL_VERSION_ASYNCHDNS
LogInit:      CURL_VERSION_LARGEFILE
LogInit:      CURL_VERSION_IDN
LogInit:  CurlRequestOptions (configurable via config and command line):
LogInit:  - bVerifyPeer = false  - Libcurl will NOT verify peer certificate
LogInit:  - bUseHttpProxy = false  - Libcurl will NOT use HTTP proxy
LogInit:  - bDontReuseConnections = false  - Libcurl will reuse connections
LogInit:  - CertBundlePath = nullptr  - Libcurl will use whatever was configured at build time.
LogInit: Build: ++UE4+Release-4.16-CL-3561208
LogInit: Engine Version: 4.16.3-3561208+++UE4+Release-4.16
LogInit: Compatible Engine Version: 4.16.0-3452394+++UE4+Release-4.16
LogInit: Net CL: 3452394
LogDevObjectVersion: Number of dev versions registered: 16
LogDevObjectVersion:   Dev-Blueprints (B0D832E4-1F89-4F0D-ACCF-7EB736FD4AA2): 9
LogDevObjectVersion:   Dev-Build (E1C64328-A22C-4D53-A36C-8E866417BD8C): 0
LogDevObjectVersion:   Dev-Core (375EC13C-06E4-48FB-B500-84F0262A717E): 2
LogDevObjectVersion:   Dev-Editor (E4B068ED-F494-42E9-A231-DA0B2E46BB41): 17
LogDevObjectVersion:   Dev-Framework (CFFC743F-43B0-4480-9391-14DF171D2073): 23
LogDevObjectVersion:   Dev-Mobile (B02B49B5-BB20-44E9-A304-32B752E40360): 0
LogDevObjectVersion:   Dev-Networking (A4E4105C-59A1-49B5-A7C5-40C4547EDFEE): 0
LogDevObjectVersion:   Dev-Online (39C831C9-5AE6-47DC-9A44-9C173E1C8E7C): 0
LogDevObjectVersion:   Dev-Physics (78F01B33-EBEA-4F98-B9B4-84EACCB95AA2): 0
LogDevObjectVersion:   Dev-Platform (6631380F-2D4D-43E0-8009-CF276956A95A): 0
LogDevObjectVersion:   Dev-Rendering (12F88B9F-8875-4AFC-A67C-D90C383ABD29): 15
LogDevObjectVersion:   Dev-Sequencer (7B5AE74C-D270-4C10-A958-57980B212A5A): 4
LogDevObjectVersion:   Dev-VR (D7296918-1DD6-4BDD-9DE2-64A83CC13884): 0
LogDevObjectVersion:   Dev-LoadTimes (C2A15278-BFE7-4AFE-6C17-90FF531DF755): 1
LogDevObjectVersion:   Private-Geometry (6EACA3D4-40EC-4CC1-B786-8BED09428FC5): 1
LogDevObjectVersion:   Dev-AnimPhys (29E575DD-E0A3-4627-9D10-D276232CDCEA): 3
LogInit: Compiled (64-bit): Jul 28 2017 11:49:47
LogInit: Compiled with Visual C++: 19.00.24215.01
LogInit: Build Configuration: Development
LogInit: Branch Name: ++UE4+Release-4.16
LogInit: Command line:  
LogInit: Base directory: C:/Program Files/Epic Games/UE_4.16/Engine/Binaries/Win64/
LogInit: Installed Engine Build: 1
LogInit: Presizing for max 8388607 objects, including 0 objects not considered by GC, pre-allocating 0 bytes for permanent pool.
LogInit: Object subsystem initialized
[2018.04.10-19.12.47:538][  0]LogInit: Selected Device Profile: [Windows]
[2018.04.10-19.12.47:538][  0]LogInit: Applying CVar settings loaded from the selected device profile: [Windows]
[2018.04.10-19.12.47:581][  0]LogInit: Computer: OFFICE
[2018.04.10-19.12.47:581][  0]LogInit: User: kevin
[2018.04.10-19.12.47:581][  0]LogInit: CPU Page size=4096, Cores=4
[2018.04.10-19.12.47:581][  0]LogInit: High frequency timer resolution =3.415992 MHz
[2018.04.10-19.12.47:582][  0]LogMemory: Memory total: Physical=15.9GB (16GB approx)
[2018.04.10-19.12.47:582][  0]LogMemory: Platform Memory Stats for Windows
[2018.04.10-19.12.47:582][  0]LogMemory: Process Physical Memory: 272.25 MB used, 272.25 MB peak
[2018.04.10-19.12.47:582][  0]LogMemory: Process Virtual Memory: 260.82 MB used, 260.82 MB peak
[2018.04.10-19.12.47:582][  0]LogMemory: Physical Memory: 4042.13 MB used,  12276.56 MB free, 16318.69 MB total
[2018.04.10-19.12.47:582][  0]LogMemory: Virtual Memory: 676.39 MB used,  12276.56 MB free, 134217728.00 MB total
[2018.04.10-19.12.47:868][  0]LogInit: Using OS detected language (en-GB).
[2018.04.10-19.12.47:868][  0]LogInit: Using OS detected locale (en-GB).
[2018.04.10-19.12.47:920][  0]LogTextLocalizationManager: No specific localization for 'en-GB' exists, so the 'en' localization will be used.
[2018.04.10-19.12.50:621][  0]LogD3D11RHI: D3D11 adapters:
[2018.04.10-19.12.50:670][  0]LogD3D11RHI:    0. 'NVIDIA GeForce GTX 1080 Ti' (Feature Level 11_0)
[2018.04.10-19.12.50:670][  0]LogD3D11RHI:       11132/0/8159 MB DedicatedVideo/DedicatedSystem/SharedSystem, Outputs:2, VendorId:0x10de
[2018.04.10-19.12.50:672][  0]LogD3D11RHI:    1. 'Microsoft Basic Render Driver' (Feature Level 11_0)
[2018.04.10-19.12.50:672][  0]LogD3D11RHI:       0/0/8159 MB DedicatedVideo/DedicatedSystem/SharedSystem, Outputs:0, VendorId:0x1414
[2018.04.10-19.12.50:672][  0]LogD3D11RHI: Chosen D3D11 Adapter: 0
[2018.04.10-19.12.50:678][  0]LogD3D11RHI: Creating new Direct3DDevice
[2018.04.10-19.12.50:679][  0]LogD3D11RHI:     GPU DeviceId: 0x1b06 (for the marketing name, search the web for "GPU Device Id")
[2018.04.10-19.12.50:679][  0]LogWindows: EnumDisplayDevices:
[2018.04.10-19.12.50:679][  0]LogWindows:    0. 'NVIDIA GeForce GTX 1080 Ti' (P:0 D:1)
[2018.04.10-19.12.50:679][  0]LogWindows:    1. 'NVIDIA GeForce GTX 1080 Ti' (P:1 D:1)
[2018.04.10-19.12.50:679][  0]LogWindows:    2. 'NVIDIA GeForce GTX 1080 Ti' (P:0 D:0)
[2018.04.10-19.12.50:679][  0]LogWindows:    3. 'NVIDIA GeForce GTX 1080 Ti' (P:0 D:0)
[2018.04.10-19.12.50:679][  0]LogWindows: DebugString: GetVideoDriverDetailsInvalid PrimaryIsNotTheChoosenAdapter GetVideoDriverDetailsInvalid PrimaryIsNotTheChoosenAdapter GetVideoDriverDetailsInvalid PrimaryIsNotTheChoosenAdapter GetVideoDriverDetailsInvalid PrimaryIsNotTheChoosenAdapter FoundDriverCount:0 
[2018.04.10-19.12.50:679][  0]LogD3D11RHI:     Adapter Name: NVIDIA GeForce GTX 1080 Ti
[2018.04.10-19.12.50:679][  0]LogD3D11RHI:   Driver Version: Unknown (internal:Unknown, unified:Unknown)
[2018.04.10-19.12.50:679][  0]LogD3D11RHI:      Driver Date: Unknown
[2018.04.10-19.12.50:680][  0]LogRHI: Texture pool is 1361 MB (70% of 1945 MB)
[2018.04.10-19.12.50:709][  0]LogD3D11RHI: Async texture creation enabled
[2018.04.10-19.12.50:747][  0]LogD3D11RHI: GPU Timing Frequency: 1000.000000 (Debug: 2 1)
[2018.04.10-19.12.50:848][  0]LogShaderCompilers: Guid format shader working directory is 8 characters bigger than the processId version (F:/Unreal/UnrealProject/UnrealProject/Intermediate/Shaders/WorkingDirectory/11328/).
[2018.04.10-19.12.50:848][  0]LogShaderCompilers: Cleaned the shader compiler working directory 'C:/Users/kevin/AppData/Local/Temp/UnrealShaderWorkingDir/3C6B73D34006EE38AD9CA688881C66D8/'.
[2018.04.10-19.12.50:848][  0]LogShaderCompilers:Display: Using Local Shader Compiler.
[2018.04.10-19.12.52:743][  0]LogTemp:Display: Loaded TP AllDesktopTargetPlatform
[2018.04.10-19.12.52:788][  0]LogTemp:Display: Loaded TP MacClientTargetPlatform
[2018.04.10-19.12.52:833][  0]LogTemp:Display: Loaded TP MacNoEditorTargetPlatform
[2018.04.10-19.12.52:876][  0]LogTemp:Display: Loaded TP MacServerTargetPlatform
[2018.04.10-19.12.52:928][  0]LogTemp:Display: Loaded TP MacTargetPlatform
[2018.04.10-19.12.52:972][  0]LogTemp:Display: Loaded TP WindowsClientTargetPlatform
[2018.04.10-19.12.53:015][  0]LogTemp:Display: Loaded TP WindowsNoEditorTargetPlatform
[2018.04.10-19.12.53:060][  0]LogTemp:Display: Loaded TP WindowsServerTargetPlatform
[2018.04.10-19.12.53:099][  0]LogTemp:Display: Loaded TP WindowsTargetPlatform
[2018.04.10-19.12.53:146][  0]LogTemp:Display: Loaded TP AndroidTargetPlatform
[2018.04.10-19.12.53:190][  0]LogTemp:Display: Loaded TP Android_ASTCTargetPlatform
[2018.04.10-19.12.53:233][  0]LogTemp:Display: Loaded TP Android_ATCTargetPlatform
[2018.04.10-19.12.53:274][  0]LogTemp:Display: Loaded TP Android_DXTTargetPlatform
[2018.04.10-19.12.53:317][  0]LogTemp:Display: Loaded TP Android_ETC1TargetPlatform
[2018.04.10-19.12.53:362][  0]LogTemp:Display: Loaded TP Android_ETC2TargetPlatform
[2018.04.10-19.12.53:449][  0]LogTemp:Display: Loaded TP Android_MultiTargetPlatform
[2018.04.10-19.12.53:449][  0]LogTemp:Display: Loaded TP Android_PVRTCTargetPlatform
[2018.04.10-19.12.53:484][  0]LogTemp:Display: Loaded TP HTML5TargetPlatform
[2018.04.10-19.12.53:577][  0]LogTemp:Display: Loaded TP IOSTargetPlatform
[2018.04.10-19.12.53:603][  0]LogTemp:Display: Loaded TP TVOSTargetPlatform
[2018.04.10-19.12.53:645][  0]LogTemp:Display: Loaded TP LinuxClientTargetPlatform
[2018.04.10-19.12.53:690][  0]LogTemp:Display: Loaded TP LinuxNoEditorTargetPlatform
[2018.04.10-19.12.53:732][  0]LogTemp:Display: Loaded TP LinuxServerTargetPlatform
[2018.04.10-19.12.53:778][  0]LogTemp:Display: Loaded TP LinuxTargetPlatform
[2018.04.10-19.12.53:778][  0]LogTargetPlatformManager:Display: Building Assets For Windows
[2018.04.10-19.12.54:329][  0]LogDerivedDataCache:Display: Max Cache Size: 512 MB
[2018.04.10-19.12.54:830][  0]LogDerivedDataCache: Loaded boot cache 0.50s 90MB C:/Users/kevin/AppData/Local/UnrealEngine/4.16/DerivedDataCache/Boot.ddc.
[2018.04.10-19.12.54:830][  0]LogDerivedDataCache:Display: Loaded Boot cache: C:/Users/kevin/AppData/Local/UnrealEngine/4.16/DerivedDataCache/Boot.ddc
[2018.04.10-19.12.54:830][  0]LogDerivedDataCache: FDerivedDataBackendGraph:  Pak pak cache file F:/Unreal/UnrealProject/UnrealProject/DerivedDataCache/DDC.ddp not found, will not use a pak cache.
[2018.04.10-19.12.54:830][  0]LogDerivedDataCache: Unable to find inner node Pak for hierarchical cache Hierarchy.
[2018.04.10-19.12.54:830][  0]LogDerivedDataCache: FDerivedDataBackendGraph:  CompressedPak pak cache file F:/Unreal/UnrealProject/UnrealProject/DerivedDataCache/Compressed.ddp not found, will not use a pak cache.
[2018.04.10-19.12.54:830][  0]LogDerivedDataCache: Unable to find inner node CompressedPak for hierarchical cache Hierarchy.
[2018.04.10-19.12.54:856][  0]LogDerivedDataCache:Display: Pak cache opened for reading ../../../Engine/DerivedDataCache/Compressed.ddp.
[2018.04.10-19.12.54:868][  0]LogDerivedDataCache: Using Local data cache path C:/Users/kevin/AppData/Local/UnrealEngine/Common/DerivedDataCache: Writable
[2018.04.10-19.12.54:885][  0]LogMaterial: Verifying Global Shaders for PCD3D_SM5
[2018.04.10-19.12.54:893][  0]LogSlate: Using Freetype 2.6.0
[2018.04.10-19.12.54:910][  0]LogSlate: SlateFontCache - WITH_FREETYPE: 1, WITH_HARFBUZZ: 1
[2018.04.10-19.12.54:910][  0]LogSlate: SlateFontCache - WITH_FREETYPE: 1, WITH_HARFBUZZ: 1
[2018.04.10-19.12.55:920][  0]LogInit: Selected Device Profile: [Windows]
[2018.04.10-19.12.56:153][  0]LogContentStreaming: Texture pool size is 0.00 MB
[2018.04.10-19.12.56:378][  0]LogMeshUtilities: Using QuadricMeshReduction for automatic static mesh reduction
[2018.04.10-19.12.56:430][  0]LogSimplygon: Simplygon DLL not present - disabling.
[2018.04.10-19.12.56:481][  0]LogMeshUtilities: Using SimplygonSwarm for distributed automatic mesh merging
[2018.04.10-19.12.56:481][  0]LogMeshUtilities: No automatic skeletal mesh reduction module available
[2018.04.10-19.12.56:481][  0]LogMeshUtilities: No automatic mesh merging module available
[2018.04.10-19.12.57:936][  0]LogNetVersion: handin , NetCL: 3452394, EngineNetVer: 2, GameNetVer: 0 (Checksum: 2351120416)
[2018.04.10-19.12.58:046][  0]LogAssetRegistry: FAssetRegistry took 0.0287 seconds to start up
[2018.04.10-19.12.58:110][  0]LogPackageLocalizationCache: Processed 4 localized package path(s) for 2 prioritized culture(s) in 0.039464 seconds
[2018.04.10-19.12.58:118][  0]LogUObjectArray: 34194 objects as part of root set at end of initial load.
[2018.04.10-19.12.58:118][  0]LogUObjectAllocator: 7260424 out of 0 bytes used by permanent object pool.
[2018.04.10-19.12.58:118][  0]LogUObjectArray: CloseDisregardForGC: 0/0 objects in disregard for GC pool
[2018.04.10-19.12.58:186][  0]LogInit: WinSock: version 1.1 (2.2), MaxSocks=32767, MaxUdp=65467
[2018.04.10-19.13.03:035][  0]LogTcpMessaging: Initializing TcpMessaging bridge
[2018.04.10-19.13.03:079][  0]LogUdpMessaging: Initializing bridge on interface 0.0.0.0:0 to multicast group 230.0.0.1:6666.
[2018.04.10-19.13.03:701][  0]LogMaterial: Uniform references updated for custom material expression Custom.
[2018.04.10-19.13.04:118][  0]SourceControl: Info Source control is disabled
[2018.04.10-19.13.04:120][  0]SourceControl: Info Source control is disabled
[2018.04.10-19.13.04:178][  0]SourceControl: Info Source control is disabled
[2018.04.10-19.13.04:229][  0]SourceControl: Info Source control is disabled
[2018.04.10-19.13.05:080][  0]LogAndroidPermission: UAndroidPermissionCallbackProxy::GetInstance
[2018.04.10-19.13.05:672][  0]LogEngine: Initializing Engine...
[2018.04.10-19.13.05:674][  0]LogHMD: Failed to initialize OpenVR with code 110
[2018.04.10-19.13.05:862][  0]LogStats: UGameplayTagsManager::ConstructGameplayTagTree: Construct from data asset -  0.000 s
[2018.04.10-19.13.05:863][  0]LogStats: UGameplayTagsManager::ConstructGameplayTagTree: GameplayTagTreeChangedEvent.Broadcast -  0.001 s
[2018.04.10-19.13.06:043][  0]LogAIModule: Creating AISystem for world Untitled
[2018.04.10-19.13.06:075][  0]LogInit: XAudio2 using 'Digital Audio (S/PDIF) (High Definition Audio Device)' : 2 channels at 44.1 kHz using 16 bits per sample (channel mask 0x3)
[2018.04.10-19.13.06:089][  0]LogInit: FAudioDevice initialized.
[2018.04.10-19.13.06:146][  0]LogDerivedDataCache: Saved boot cache 0.06s 90MB C:/Users/kevin/AppData/Local/UnrealEngine/4.16/DerivedDataCache/Boot.ddc.
[2018.04.10-19.13.06:155][  0]LogInit: Texture streaming: Enabled
[2018.04.10-19.13.06:251][  0]LogEngineSessionManager: EngineSessionManager initialized
[2018.04.10-19.13.06:252][  0]LogEngineSessionManager: EngineSessionManager sent abnormal shutdown report. Type=Crashed, SessionId={E58BBDF5-4295-D2E9-2D24-7AB3D2EEBF7C}
[2018.04.10-19.13.06:549][  0]LogInit: Transaction tracking system initialized
[2018.04.10-19.13.06:879][  0]BlueprintLog: New page: Editor Load
[2018.04.10-19.13.07:955][  0]LocalizationService: Info Localization service is disabled
[2018.04.10-19.13.08:676][  0]LogConsoleResponse:Display: 
[2018.04.10-19.13.08:887][  0]LogFileCache: Scanning file cache for directory 'F:/Unreal/UnrealProject/UnrealProject/Content/' took 0.02s
[2018.04.10-19.13.08:887][  0]LogCook:Display: Max memory allowance for cook 16384mb min free memory 0mb
[2018.04.10-19.13.08:887][  0]LogCook:Display: Mobile HDR setting 1
[2018.04.10-19.13.10:267][  0]SourceControl: Info Source control is disabled
[2018.04.10-19.13.10:271][  0]Cmd: MAP LOAD FILE="F:/Unreal/UnrealProject/UnrealProject/Content/StarterContent/Maps/Minimal_Default.umap" TEMPLATE=0 SHOWPROGRESS=1 FEATURELEVEL=3
[2018.04.10-19.13.10:277][  0]LightingResults: New page: Lighting Build
[2018.04.10-19.13.10:333][  0]MapCheck: New page: Map Check
[2018.04.10-19.13.10:333][  0]LightingResults: New page: Lighting Build
[2018.04.10-19.13.10:902][  0]LogAIModule: Creating AISystem for world Minimal_Default
[2018.04.10-19.13.10:975][  0]LogEditorServer: Finished looking for orphan Actors (0.000 secs)
[2018.04.10-19.13.10:998][  0]Cmd: MAP CHECKDEP NOCLEARLOG
[2018.04.10-19.13.11:050][  0]MapCheck: Info Map check complete: 0 Error(s), 0 Warning(s), took 51.09ms to complete.
[2018.04.10-19.13.11:050][  0]LogFileHelpers: Loading map 'Minimal_Default' took 0.781
[2018.04.10-19.13.11:462][  0]LogCollectionManager: Loaded 0 collections in 0.001489 seconds
[2018.04.10-19.13.11:588][  0]LogFileCache: Scanning file cache for directory 'F:/Unreal/UnrealProject/UnrealProject/Saved/Collections/' took 0.01s
[2018.04.10-19.13.11:588][  0]LogFileCache: Scanning file cache for directory 'F:/Unreal/UnrealProject/UnrealProject/Content/Developers/kevin/Collections/' took 0.01s
[2018.04.10-19.13.11:588][  0]LogFileCache: Scanning file cache for directory 'F:/Unreal/UnrealProject/UnrealProject/Content/Collections/' took 0.01s
[2018.04.10-19.13.11:588][  0]LogCollectionManager: Rebuilt the GUID cache for 0 collections in 0.000002 seconds
[2018.04.10-19.13.11:600][  0]LogContentBrowser: Native class hierarchy populated in 0.0099 seconds. Added 2329 classes and 491 folders.
[2018.04.10-19.13.11:668][  0]LogContentBrowser: Native class hierarchy updated for 'WidgetCarousel' in 0.0005 seconds. Added 0 classes and 0 folders.
[2018.04.10-19.13.12:040][  0]LogContentBrowser: Native class hierarchy updated for 'AddContentDialog' in 0.0005 seconds. Added 0 classes and 0 folders.
[2018.04.10-19.13.12:097][  0]LogContentBrowser: Native class hierarchy updated for 'SceneOutliner' in 0.0005 seconds. Added 1 classes and 2 folders.
[2018.04.10-19.13.12:297][  0]LogCrashTracker: Crashtracker disabled due to settings.
[2018.04.10-19.13.12:327][  0]LogSlate: Took 0.004551 seconds to synchronously load lazily loaded font '../../../Engine/Content/Slate/Fonts/Roboto-Regular.ttf' (155K)
[2018.04.10-19.13.12:336][  0]LogSlate: Took 0.004503 seconds to synchronously load lazily loaded font '../../../Engine/Content/Slate/Fonts/Roboto-Bold.ttf' (160K)
[2018.04.10-19.13.12:354][  0]LogSlate: Took 0.005626 seconds to synchronously load lazily loaded font '../../../Engine/Content/Editor/Slate/Fonts/FontAwesome.ttf' (139K)
[2018.04.10-19.13.12:514][  0]LogRenderer: Reallocating scene render targets to support 1208x576 NumSamples 1 (Frame:1).
[2018.04.10-19.13.12:675][  0]LogUObjectGlobals:Warning: Failed to find object 'Class None.'
[2018.04.10-19.13.12:746][  0]LogContentBrowser: Native class hierarchy updated for 'HierarchicalLODOutliner' in 0.0005 seconds. Added 1 classes and 2 folders.
[2018.04.10-19.13.12:746][  0]LogLoad: (Engine Initialization) Total time: 27.50 seconds
[2018.04.10-19.13.12:747][  0]LogLoad: (Engine Initialization) Total Blueprint compile time: 0.19 seconds
[2018.04.10-19.13.12:747][  0]LogExternalProfiler: No external profilers were discovered.  External profiling features will not be available.
[2018.04.10-19.13.12:760][  0]LogOcInput: OculusInput pre-init called
[2018.04.10-19.13.12:760][  0]LogHMD: Starting GearVRController plugin
[2018.04.10-19.13.12:800][  0]LogContentStreaming: Texture pool size now 1000 MB
[2018.04.10-19.13.12:849][  0]LogSlate: Took 0.005331 seconds to synchronously load lazily loaded font '../../../Engine/Content/Slate/Fonts/Roboto-Light.ttf' (159K)
[2018.04.10-19.13.12:875][  1]LogAssetRegistry: Asset discovery search completed in 14.8513 seconds
[2018.04.10-19.13.12:879][  1]LogCollectionManager: Rebuilt the object cache for 0 collections in 0.000001 seconds (found 0 objects)
[2018.04.10-19.13.12:879][  1]LogCollectionManager: Fixed up redirectors for 0 collections in 0.000025 seconds (updated 0 objects)
[2018.04.10-19.13.19:224][746]LogSlate: Took 0.000131 seconds to synchronously load lazily loaded font '../../../Engine/Content/Slate/Fonts/Roboto-Light.ttf' (159K)
[2018.04.10-19.13.19:397][746]LogBlueprint:Warning: [Compiler PersistentLevel.Textures] Warning Node  Unknown  is not referencing a valid level actor
[2018.04.10-19.13.19:397][746]LogBlueprint:Warning: [Compiler PersistentLevel.Textures] Warning [0034.15] Compile of PersistentLevel.Textures successful, but with 1 Warning(s) [in 2 ms] (/Game/Maps/Textures.Textures:PersistentLevel.Textures)
[2018.04.10-19.13.19:397][746]LogBlueprint:Warning: [Compiler PersistentLevel.Textures] Warning [0034.15] Compile of PersistentLevel.Textures successful, but with 2 Warning(s) [in 0 ms] (/Game/Maps/Textures.Textures:PersistentLevel.Textures)
[2018.04.10-19.13.19:397][746]LogBlueprint:Warning: [Compiler PersistentLevel.Textures] Warning [0034.15] Compile of PersistentLevel.Textures successful, but with 3 Warning(s) [in 0 ms] (/Game/Maps/Textures.Textures:PersistentLevel.Textures)
[2018.04.10-19.13.19:401][746]LogBlueprint:Warning: [Compiler PersistentLevel.Textures] Warning Node  Unknown  is not referencing a valid level actor
[2018.04.10-19.13.19:401][746]LogBlueprint:Warning: [Compiler PersistentLevel.Textures] Warning [0034.16] Compile of PersistentLevel.Textures successful, but with 1 Warning(s) [in 0 ms] (/Game/Maps/Textures.Textures:PersistentLevel.Textures)
[2018.04.10-19.13.19:401][746]LogBlueprint:Warning: [Compiler PersistentLevel.Textures] Warning [0034.16] Compile of PersistentLevel.Textures successful, but with 2 Warning(s) [in 0 ms] (/Game/Maps/Textures.Textures:PersistentLevel.Textures)
[2018.04.10-19.13.19:401][746]LogBlueprint:Warning: [Compiler PersistentLevel.Textures] Warning [0034.16] Compile of PersistentLevel.Textures successful, but with 3 Warning(s) [in 0 ms] (/Game/Maps/Textures.Textures:PersistentLevel.Textures)
[2018.04.10-19.13.19:495][746]LogTexture:Display: Building textures: HQ_Lightmap0_10 (AutoDXT, 256X256)
[2018.04.10-19.13.19:525][746]LogTexture:Display: Building textures: HQ_Lightmap0_11 (AutoDXT, 256X256)
[2018.04.10-19.13.19:550][746]LogTexture:Display: Building textures: HQ_Lightmap0_12 (AutoDXT, 256X256)
[2018.04.10-19.13.19:571][746]LogTexture:Display: Building textures: HQ_Lightmap0_13 (AutoDXT, 128X128)
[2018.04.10-19.13.19:593][746]LogTexture:Display: Building textures: HQ_Lightmap0_14 (AutoDXT, 256X256)
[2018.04.10-19.13.19:614][746]LogTexture:Display: Building textures: HQ_Lightmap0_15 (AutoDXT, 256X256)
[2018.04.10-19.13.19:637][746]LogTexture:Display: Building textures: HQ_Lightmap0_16 (AutoDXT, 128X128)
[2018.04.10-19.13.19:651][746]LogTexture:Display: Building textures: HQ_Lightmap0_17 (AutoDXT, 128X128)
[2018.04.10-19.13.19:671][746]LogTexture:Display: Building textures: HQ_Lightmap0_3 (AutoDXT, 256X256)
[2018.04.10-19.13.19:696][746]LogTexture:Display: Building textures: HQ_Lightmap0_4 (AutoDXT, 256X256)
[2018.04.10-19.13.19:716][746]LogTexture:Display: Building textures: HQ_Lightmap0_5 (AutoDXT, 256X256)
[2018.04.10-19.13.19:737][746]LogTexture:Display: Building textures: HQ_Lightmap0_6 (AutoDXT, 256X256)
[2018.04.10-19.13.19:762][746]LogTexture:Display: Building textures: HQ_Lightmap0_7 (AutoDXT, 256X256)
[2018.04.10-19.13.19:783][746]LogTexture:Display: Building textures: HQ_Lightmap0_8 (AutoDXT, 256X256)
[2018.04.10-19.13.19:803][746]LogTexture:Display: Building textures: HQ_Lightmap0_9 (AutoDXT, 256X256)
[2018.04.10-19.13.19:844][746]LogTexture:Display: Building textures: HQ_Lightmap1_1 (AutoDXT, 1024X1024)
[2018.04.10-19.13.20:010][746]LogTexture:Display: Building textures: HQ_Lightmap1_18 (AutoDXT, 64X64)
[2018.04.10-19.13.20:014][746]LogTexture:Display: Building textures: HQ_Lightmap1_19 (AutoDXT, 64X64)
[2018.04.10-19.13.20:021][746]LogTexture:Display: Building textures: HQ_Lightmap1_2 (AutoDXT, 256X256)
[2018.04.10-19.13.20:044][746]LogTexture:Display: Building textures: HQ_Lightmap1_20 (AutoDXT, 64X64)
[2018.04.10-19.13.20:049][746]LogTexture:Display: Building textures: HQ_Lightmap1_21 (AutoDXT, 64X64)
[2018.04.10-19.13.20:054][746]LogTexture:Display: Building textures: LQ_Lightmap_0_10 (DXT1, 256X256)
[2018.04.10-19.13.20:074][746]LogTexture:Display: Building textures: LQ_Lightmap_0_11 (DXT1, 256X256)
[2018.04.10-19.13.20:090][746]LogTexture:Display: Building textures: LQ_Lightmap_0_12 (DXT1, 256X256)
[2018.04.10-19.13.20:106][746]LogTexture:Display: Building textures: LQ_Lightmap_0_13 (DXT1, 128X128)
[2018.04.10-19.13.20:119][746]LogTexture:Display: Building textures: LQ_Lightmap_0_14 (DXT1, 256X256)
[2018.04.10-19.13.20:137][746]LogTexture:Display: Building textures: LQ_Lightmap_0_15 (DXT1, 256X256)
[2018.04.10-19.13.20:149][746]LogTexture:Display: Building textures: LQ_Lightmap_0_16 (DXT1, 128X128)
[2018.04.10-19.13.20:162][746]LogTexture:Display: Building textures: LQ_Lightmap_0_17 (DXT1, 128X128)
[2018.04.10-19.13.20:173][746]LogTexture:Display: Building textures: LQ_Lightmap_0_3 (DXT1, 256X256)
[2018.04.10-19.13.20:188][746]LogTexture:Display: Building textures: LQ_Lightmap_0_4 (DXT1, 256X256)
[2018.04.10-19.13.20:201][746]LogTexture:Display: Building textures: LQ_Lightmap_0_5 (DXT1, 256X256)
[2018.04.10-19.13.20:224][746]LogTexture:Display: Building textures: LQ_Lightmap_0_6 (DXT1, 256X256)
[2018.04.10-19.13.20:246][746]LogTexture:Display: Building textures: LQ_Lightmap_0_7 (DXT1, 256X256)
[2018.04.10-19.13.20:260][746]LogTexture:Display: Building textures: LQ_Lightmap_0_8 (DXT1, 256X256)
[2018.04.10-19.13.20:276][746]LogTexture:Display: Building textures: LQ_Lightmap_0_9 (DXT1, 256X256)
[2018.04.10-19.13.20:301][746]LogTexture:Display: Building textures: LQ_Lightmap_1_1 (DXT1, 1024X1024)
[2018.04.10-19.13.20:380][746]LogTexture:Display: Building textures: LQ_Lightmap_1_18 (DXT1, 64X64)
[2018.04.10-19.13.20:384][746]LogTexture:Display: Building textures: LQ_Lightmap_1_19 (DXT1, 64X64)
[2018.04.10-19.13.20:388][746]LogTexture:Display: Building textures: LQ_Lightmap_1_2 (DXT1, 256X256)
[2018.04.10-19.13.20:405][746]LogTexture:Display: Building textures: LQ_Lightmap_1_20 (DXT1, 64X64)
[2018.04.10-19.13.20:408][746]LogTexture:Display: Building textures: LQ_Lightmap_1_21 (DXT1, 64X64)
[2018.04.10-19.13.20:412][746]LogTexture:Display: Building textures: SkyOcclusion0_10 (AutoDXT, 256X128)
[2018.04.10-19.13.20:434][746]LogTexture:Display: Building textures: SkyOcclusion0_11 (AutoDXT, 256X128)
[2018.04.10-19.13.20:441][746]LogTexture:Display: Building textures: SkyOcclusion0_12 (AutoDXT, 256X128)
[2018.04.10-19.13.20:456][746]LogTexture:Display: Building textures: SkyOcclusion0_13 (AutoDXT, 128X64)
[2018.04.10-19.13.20:457][746]LogTexture:Display: Building textures: SkyOcclusion0_14 (AutoDXT, 256X128)
[2018.04.10-19.13.20:477][746]LogTexture:Display: Building textures: SkyOcclusion0_15 (AutoDXT, 256X128)
[2018.04.10-19.13.20:486][746]LogTexture:Display: Building textures: SkyOcclusion0_16 (AutoDXT, 128X64)
[2018.04.10-19.13.20:494][746]LogTexture:Display: Building textures: SkyOcclusion0_17 (AutoDXT, 128X64)
[2018.04.10-19.13.20:494][746]LogTexture:Display: Building textures: SkyOcclusion0_3 (AutoDXT, 256X128)
[2018.04.10-19.13.20:504][746]LogTexture:Display: Building textures: SkyOcclusion0_4 (AutoDXT, 256X128)
[2018.04.10-19.13.20:506][746]LogTexture:Display: Building textures: SkyOcclusion0_5 (AutoDXT, 256X128)
[2018.04.10-19.13.20:523][746]LogTexture:Display: Building textures: SkyOcclusion0_6 (AutoDXT, 256X128)
[2018.04.10-19.13.20:545][746]LogTexture:Display: Building textures: SkyOcclusion0_7 (AutoDXT, 256X128)
[2018.04.10-19.13.20:553][746]LogTexture:Display: Building textures: SkyOcclusion0_8 (AutoDXT, 256X128)
[2018.04.10-19.13.20:567][746]LogTexture:Display: Building textures: SkyOcclusion0_9 (AutoDXT, 256X128)
[2018.04.10-19.13.20:581][746]LogTexture:Display: Building textures: SkyOcclusion1_1 (AutoDXT, 1024X512)
[2018.04.10-19.13.20:667][746]LogTexture:Display: Building textures: SkyOcclusion1_18 (AutoDXT, 64X32)
[2018.04.10-19.13.20:670][746]LogTexture:Display: Building textures: SkyOcclusion1_19 (AutoDXT, 64X32)
[2018.04.10-19.13.20:673][746]LogTexture:Display: Building textures: SkyOcclusion1_2 (AutoDXT, 256X128)
[2018.04.10-19.13.20:688][746]LogTexture:Display: Building textures: SkyOcclusion1_20 (AutoDXT, 64X32)
[2018.04.10-19.13.20:690][746]LogTexture:Display: Building textures: SkyOcclusion1_21 (AutoDXT, 64X32)
[2018.04.10-19.13.20:694][746]LogTexture:Display: Building textures: ShadowMapTexture2D_21 (G8, 512X512)
[2018.04.10-19.13.20:702][746]LogTexture:Display: Building textures: ShadowMapTexture2D_22 (G8, 256X64)
[2018.04.10-19.13.20:702][746]LogTexture:Display: Building textures: ShadowMapTexture2D_23 (G8, 512X64)
[2018.04.10-19.13.20:704][746]LogTexture:Display: Building textures: ShadowMapTexture2D_24 (G8, 256X64)
[2018.04.10-19.13.20:705][746]LogTexture:Display: Building textures: ShadowMapTexture2D_25 (G8, 256X64)
[2018.04.10-19.13.20:705][746]LogTexture:Display: Building textures: ShadowMapTexture2D_26 (G8, 512X64)
[2018.04.10-19.13.20:707][746]LogTexture:Display: Building textures: ShadowMapTexture2D_27 (G8, 256X64)
[2018.04.10-19.13.20:707][746]LogTexture:Display: Building textures: ShadowMapTexture2D_28 (G8, 256X64)
[2018.04.10-19.13.20:708][746]LogTexture:Display: Building textures: ShadowMapTexture2D_29 (G8, 256X64)
[2018.04.10-19.13.20:709][746]LogTexture:Display: Building textures: ShadowMapTexture2D_30 (G8, 256X64)
[2018.04.10-19.13.20:710][746]LogTexture:Display: Building textures: ShadowMapTexture2D_31 (G8, 256X64)
[2018.04.10-19.13.20:710][746]LogTexture:Display: Building textures: ShadowMapTexture2D_32 (G8, 256X64)
[2018.04.10-19.13.20:711][746]LogTexture:Display: Building textures: ShadowMapTexture2D_33 (G8, 128X64)
[2018.04.10-19.13.20:712][746]LogTexture:Display: Building textures: ShadowMapTexture2D_34 (G8, 256X64)
[2018.04.10-19.13.20:712][746]LogTexture:Display: Building textures: ShadowMapTexture2D_35 (G8, 256X64)
[2018.04.10-19.13.20:713][746]LogTexture:Display: Building textures: ShadowMapTexture2D_36 (G8, 128X64)
[2018.04.10-19.13.20:713][746]LogTexture:Display: Building textures: ShadowMapTexture2D_37 (G8, 128X64)
[2018.04.10-19.13.20:714][746]LogTexture:Display: Building textures: ShadowMapTexture2D_38 (G8, 32X32)
[2018.04.10-19.13.20:714][746]LogTexture:Display: Building textures: ShadowMapTexture2D_39 (G8, 32X32)
[2018.04.10-19.13.20:714][746]LogTexture:Display: Building textures: ShadowMapTexture2D_40 (G8, 32X32)
[2018.04.10-19.13.20:714][746]LogTexture:Display: Building textures: ShadowMapTexture2D_41 (G8, 32X32)
[2018.04.10-19.13.20:746][746]LogTexture:Display: Building textures: Texture2D_0 (BGRA8, 64X64)
[2018.04.10-19.13.20:747][746]LogTexture:Display: Building textures: Texture2D_1 (BGRA8, 64X64)
[2018.04.10-19.13.20:747][746]LogTexture:Display: Building textures: Texture2D_2 (BGRA8, 64X64)
[2018.04.10-19.13.20:748][746]LogTexture:Display: Building textures: Texture2D_3 (BGRA8, 64X64)
[2018.04.10-19.13.20:748][746]LogTexture:Display: Building textures: Texture2D_4 (BGRA8, 64X64)
[2018.04.10-19.13.20:749][746]LogTexture:Display: Building textures: Texture2D_5 (BGRA8, 64X64)
[2018.04.10-19.13.20:749][746]LogTexture:Display: Building textures: Texture2D_6 (BGRA8, 64X64)
[2018.04.10-19.13.20:749][746]LogTexture:Display: Building textures: Texture2D_7 (BGRA8, 64X64)
[2018.04.10-19.13.20:750][746]LogTexture:Display: Building textures: Texture2D_8 (BGRA8, 64X64)
[2018.04.10-19.13.20:750][746]LogTexture:Display: Building textures: Texture2D_9 (BGRA8, 64X64)
[2018.04.10-19.13.20:750][746]LogTexture:Display: Building textures: Texture2D_10 (BGRA8, 64X64)
[2018.04.10-19.13.20:751][746]LogTexture:Display: Building textures: Texture2D_11 (BGRA8, 64X64)
[2018.04.10-19.13.20:751][746]LogTexture:Display: Building textures: Texture2D_12 (BGRA8, 64X64)
[2018.04.10-19.13.20:764][746]LogMaterial: Missing cached shader map for material Landscape, compiling. 
[2018.04.10-19.13.20:830][746]LogMaterial: Missing cached shader map for material Landscape, compiling. 
[2018.04.10-19.13.20:880][746]LogTexture:Display: Building textures: Texture2D_47 (BGRA8, 512X512)
[2018.04.10-19.13.20:913][746]LogStaticMesh: Building static mesh DoorComplete...
[2018.04.10-19.13.20:980][746]LogStaticMesh: Built static mesh [0.07s] /Game/MyContent/Meshes/DoorComplete.DoorComplete
[2018.04.10-19.13.20:993][746]LogStaticMesh: Building static mesh House...
[2018.04.10-19.13.22:670][746]LogStaticMesh: Built static mesh [1.68s] /Game/MyContent/Meshes/House.House
[2018.04.10-19.13.22:672][746]LogSlate: Took 0.000403 seconds to synchronously load lazily loaded font '../../../Engine/Content/Slate/Fonts/Roboto-Regular.ttf' (155K)
[2018.04.10-19.13.22:995][746]LogStaticMesh: Building static mesh House66_StaticMesh...
[2018.04.10-19.13.22:995][746]LogMeshUtilities: Invalid vertex normals found for mesh. Forcing recomputation of vertex normals for MikkTSpace. Fix mesh or disable "Use MikkTSpace Tangent Space" to avoid forced recomputation of normals.
[2018.04.10-19.13.22:998][746]LogStaticMesh: Built static mesh [0.00s] /Game/House66_StaticMesh.House66_StaticMesh
[2018.04.10-19.13.23:000][746]LogStaticMesh: Building static mesh HouseRoof66_StaticMesh...
[2018.04.10-19.13.23:000][746]LogMeshUtilities: Invalid vertex normals found for mesh. Forcing recomputation of vertex normals for MikkTSpace. Fix mesh or disable "Use MikkTSpace Tangent Space" to avoid forced recomputation of normals.
[2018.04.10-19.13.23:003][746]LogStaticMesh: Built static mesh [0.00s] /Game/HouseRoof66_StaticMesh.HouseRoof66_StaticMesh
[2018.04.10-19.13.23:005][746]LogStaticMesh: Building static mesh WindowDone...
[2018.04.10-19.13.23:651][746]LogStaticMesh: Built static mesh [0.65s] /Game/MyContent/Meshes/WindowDone.WindowDone
[2018.04.10-19.13.24:018][746]LogTexture:Display: Building textures: HouseBrickNormal (AutoDXT, 2048X2048)
[2018.04.10-19.13.26:376][746]LogTexture:Display: Building textures: HouseBrick (AutoDXT, 2048X2048)
[2018.04.10-19.13.28:045][746]LogMaterial: Missing cached shader map for material HouseBrick, compiling. 
[2018.04.10-19.13.28:063][746]LogMaterial: Missing cached shader map for material Material__32, compiling. 
[2018.04.10-19.13.28:358][746]LogTexture:Display: Building textures: Seamless_Roof_Tiles_Normal (BC5, 2048X2048)
[2018.04.10-19.13.29:062][746]LogTexture:Display: Building textures: Seamless_Roof_Tiles_05 (AutoDXT, 2048X2048)
[2018.04.10-19.13.31:009][746]LogAIModule: Creating AISystem for world Textures
[2018.04.10-19.13.31:080][746]Cmd: MAP LOAD FILE="F:/Unreal/UnrealProject/UnrealProject/Content/Maps/Textures.umap" TEMPLATE=0 SHOWPROGRESS=1 FEATURELEVEL=3
[2018.04.10-19.13.31:080][746]LightingResults: New page: Lighting Build
[2018.04.10-19.13.31:081][746]LoadErrors: New page: Loading map: Textures.umap
[2018.04.10-19.13.31:089][746]MapCheck: New page: Map Check
[2018.04.10-19.13.31:089][746]LightingResults: New page: Lighting Build
[2018.04.10-19.13.31:252][746]LogEditorServer: Finished looking for orphan Actors (0.000 secs)
[2018.04.10-19.13.31:305][746]Cmd: MAP CHECKDEP NOCLEARLOG
[2018.04.10-19.13.31:388][746]MapCheck: Info Map check complete: 0 Error(s), 0 Warning(s), took 83.152ms to complete.
[2018.04.10-19.13.31:388][746]LogFileHelpers: Loading map 'Textures' took 0.312
[2018.04.10-19.14.05:712][795]LogEditorViewport: Clicking on Actor (context menu): StaticMeshActor (House36)
[2018.04.10-19.14.05:803][795]LogEditorViewport: Clicking on Actor (context menu): StaticMeshActor (House36)
[2018.04.10-19.14.05:831][795]LogEditorViewport: Clicking on Actor (context menu): StaticMeshActor (House36)
[2018.04.10-19.14.05:858][795]LogEditorViewport: Clicking on Actor (context menu): StaticMeshActor (House36)
[2018.04.10-19.14.05:884][795]LogEditorViewport: Clicking on Actor (context menu): StaticMeshActor (House36)
[2018.04.10-19.14.05:911][795]LogEditorViewport: Clicking on Actor (context menu): StaticMeshActor (House35)
[2018.04.10-19.14.05:937][795]LogEditorViewport: Clicking on Actor (context menu): StaticMeshActor (House36)
[2018.04.10-19.14.05:964][795]LogEditorViewport: Clicking on Actor (context menu): StaticMeshActor (House36)
[2018.04.10-19.14.05:992][795]LogEditorViewport: Clicking on Actor (context menu): StaticMeshActor (House36)
[2018.04.10-19.14.06:019][795]LogEditorViewport: Clicking on Actor (context menu): StaticMeshActor (House36)
[2018.04.10-19.14.06:156][799]LogEditorViewport: Clicking on Actor (context menu): StaticMeshActor (House36)
[2018.04.10-19.14.06:182][799]LogEditorViewport: Clicking on Actor (context menu): StaticMeshActor (House36)
[2018.04.10-19.14.07:846][985]LogEditorViewport: Clicking on Actor (context menu): Landscape (Landscape2)
[2018.04.10-19.14.08:541][ 60]Cmd: SELECT NONE
[2018.04.10-19.14.13:239][619]LogEditorViewport: Clicking on Actor (context menu): Landscape (Landscape2)
[2018.04.10-19.14.13:349][619]LogEditorViewport: Clicking on Actor (context menu): Landscape (Landscape2)
[2018.04.10-19.14.13:934][672]LogEditorViewport: Clicking on Actor (context menu): Landscape (Landscape2)
[2018.04.10-19.14.15:209][818]Cmd: SELECT NONE
[2018.04.10-19.14.21:030][515]LogEditorViewport: Clicking on Actor (context menu): BP_Sky_Sphere_C (BP_Sky_Sphere3)
[2018.04.10-19.14.35:348][220]LogEditorViewport: Clicking on Actor (context menu): StaticMeshActor (House10)
[2018.04.10-19.14.37:077][416]Cmd: SELECT NONE
[2018.04.10-19.14.58:237][936]Cmd: SELECT NONE
[2018.04.10-19.19.40:813][839]LogEditorViewport: Clicking on Actor (LMB): BP_Sky_Sphere_C (BP_Sky_Sphere3)
[2018.04.10-19.19.41:737][945]Cmd: SELECT NONE
[2018.04.10-19.19.42:054][983]Cmd: SELECT NONE
[2018.04.10-19.22.43:439][742]LogEditorViewport: Clicking on Actor (context menu): StaticMeshActor (House27)
[2018.04.10-19.22.43:507][742]LogEditorViewport: Clicking on Actor (context menu): StaticMeshActor (House27)
[2018.04.10-19.22.43:533][742]LogEditorViewport: Clicking on Actor (context menu): StaticMeshActor (House27)
[2018.04.10-19.22.43:560][742]LogEditorViewport: Clicking on Actor (context menu): StaticMeshActor (House27)
[2018.04.10-19.22.43:627][743]LogEditorViewport: Clicking on Actor (context menu): StaticMeshActor (House27)
[2018.04.10-19.22.45:004][902]Cmd: SELECT NONE
[2018.04.10-19.23.14:125][396]LogWindows: LaunchURL http://docs.unrealengine.com/latest/INT/Engine/Actors/Triggers/index.html?utm_source=editor&utm_medium=docs&utm_campaign=doc_anchors
[2018.04.10-20.48.28:715][602]LogDirectoryWatcher: A directory notification failed for 'F:/Unreal/UnrealProject/UnrealProject/Saved/Collections/' because it could not be accessed. Aborting watch request...
